The system is: Darwin - 17.7.0 - x86_64
Compiling the C compiler identification source file "CMakeCCompilerId.c" succeeded.
Compiler: /usr/local/opt/llvm/bin/clang 
Build flags: 
Id flags:  

The output was:
0


Compilation of the C compiler identification source "CMakeCCompilerId.c" produced "a.out"

The C compiler identification is Clang, found in "/Users/zw/code/C_and_C++_Projects/Problem_Solving/build/CMakeFiles/3.12.0/CompilerIdC/a.out"

Compiling the CXX compiler identification source file "CMakeCXXCompilerId.cpp" succeeded.
Compiler: /usr/local/opt/llvm/bin/clang++ 
Build flags: 
Id flags:  

The output was:
0


Compilation of the CXX compiler identification source "CMakeCXXCompilerId.cpp" produced "a.out"

The CXX compiler identification is Clang, found in "/Users/zw/code/C_and_C++_Projects/Problem_Solving/build/CMakeFiles/3.12.0/CompilerIdCXX/a.out"

Determining if the C compiler works passed with the following output:
Change Dir: /Users/zw/code/C_and_C++_Projects/Problem_Solving/build/CMakeFiles/CMakeTmp

Run Build Command:"/usr/bin/make" "cmTC_8870c/fast"
/Applications/Xcode.app/Contents/Developer/usr/bin/make -f CMakeFiles/cmTC_8870c.dir/build.make CMakeFiles/cmTC_8870c.dir/build
Building C object CMakeFiles/cmTC_8870c.dir/testCCompiler.c.o
/usr/local/opt/llvm/bin/clang    -o CMakeFiles/cmTC_8870c.dir/testCCompiler.c.o   -c /Users/zw/code/C_and_C++_Projects/Problem_Solving/build/CMakeFiles/CMakeTmp/testCCompiler.c
Linking C executable cmTC_8870c
/usr/local/Cellar/cmake/3.12.0/bin/cmake -E cmake_link_script CMakeFiles/cmTC_8870c.dir/NodePtr.txt --verbose=1
/usr/local/opt/llvm/bin/clang   -Wl,-search_paths_first -Wl,-headerpad_max_install_names   CMakeFiles/cmTC_8870c.dir/testCCompiler.c.o  -o cmTC_8870c 


Detecting C compiler ABI info compiled with the following output:
Change Dir: /Users/zw/code/C_and_C++_Projects/Problem_Solving/build/CMakeFiles/CMakeTmp

Run Build Command:"/usr/bin/make" "cmTC_7ba4d/fast"
/Applications/Xcode.app/Contents/Developer/usr/bin/make -f CMakeFiles/cmTC_7ba4d.dir/build.make CMakeFiles/cmTC_7ba4d.dir/build
Building C object CMakeFiles/cmTC_7ba4d.dir/CMakeCCompilerABI.c.o
/usr/local/opt/llvm/bin/clang    -o CMakeFiles/cmTC_7ba4d.dir/CMakeCCompilerABI.c.o   -c /usr/local/Cellar/cmake/3.12.0/share/cmake/Modules/CMakeCCompilerABI.c
Linking C executable cmTC_7ba4d
/usr/local/Cellar/cmake/3.12.0/bin/cmake -E cmake_link_script CMakeFiles/cmTC_7ba4d.dir/NodePtr.txt --verbose=1
/usr/local/opt/llvm/bin/clang   -Wl,-search_paths_first -Wl,-headerpad_max_install_names  -v -Wl,-v CMakeFiles/cmTC_7ba4d.dir/CMakeCCompilerABI.c.o  -o cmTC_7ba4d 
clang version 6.0.0 (tags/RELEASE_600/final)
Target: x86_64-apple-darwin17.7.0
Thread model: posix
InstalledDir: /usr/local/opt/llvm/bin
Found CUDA installation: /usr/local/cuda, version 8.0
 "/usr/bin/ld" -demangle -lto_library /usr/local/Cellar/llvm/6.0.0/lib/libLTO.dylib -dynamic -arch x86_64 -macosx_version_min 10.13.0 -o cmTC_7ba4d -search_paths_first -headerpad_max_install_names -v CMakeFiles/cmTC_7ba4d.dir/CMakeCCompilerABI.c.o -lSystem /usr/local/Cellar/llvm/6.0.0/lib/clang/6.0.0/lib/darwin/libclang_rt.osx.a
@(#)PROGRAM:ld  PROJECT:ld64-351.8
configured to support archs: armv6 armv7 armv7s arm64 i386 x86_64 x86_64h armv6m armv7k armv7m armv7em (tvOS)
Library search paths:
	/usr/lib
	/usr/local/lib
Framework search paths:
	/Library/Frameworks/
	/System/Library/Frameworks/


Parsed C implicit NodePtr information from above output:
  NodePtr line regex: [^( *|.*[/\])(ld|CMAKE_LINK_STARTFILE-NOTFOUND|([^/\]+-)?ld|collect2)[^/\]*( |$)]
  ignore line: [Change Dir: /Users/zw/code/C_and_C++_Projects/Problem_Solving/build/CMakeFiles/CMakeTmp]
  ignore line: []
  ignore line: [Run Build Command:"/usr/bin/make" "cmTC_7ba4d/fast"]
  ignore line: [/Applications/Xcode.app/Contents/Developer/usr/bin/make -f CMakeFiles/cmTC_7ba4d.dir/build.make CMakeFiles/cmTC_7ba4d.dir/build]
  ignore line: [Building C object CMakeFiles/cmTC_7ba4d.dir/CMakeCCompilerABI.c.o]
  ignore line: [/usr/local/opt/llvm/bin/clang    -o CMakeFiles/cmTC_7ba4d.dir/CMakeCCompilerABI.c.o   -c /usr/local/Cellar/cmake/3.12.0/share/cmake/Modules/CMakeCCompilerABI.c]
  ignore line: [Linking C executable cmTC_7ba4d]
  ignore line: [/usr/local/Cellar/cmake/3.12.0/bin/cmake -E cmake_link_script CMakeFiles/cmTC_7ba4d.dir/NodePtr.txt --verbose=1]
  ignore line: [/usr/local/opt/llvm/bin/clang   -Wl,-search_paths_first -Wl,-headerpad_max_install_names  -v -Wl,-v CMakeFiles/cmTC_7ba4d.dir/CMakeCCompilerABI.c.o  -o cmTC_7ba4d ]
  ignore line: [clang version 6.0.0 (tags/RELEASE_600/final)]
  ignore line: [Target: x86_64-apple-darwin17.7.0]
  ignore line: [Thread model: posix]
  ignore line: [InstalledDir: /usr/local/opt/llvm/bin]
  ignore line: [Found CUDA installation: /usr/local/cuda, version 8.0]
  NodePtr line: [ "/usr/bin/ld" -demangle -lto_library /usr/local/Cellar/llvm/6.0.0/lib/libLTO.dylib -dynamic -arch x86_64 -macosx_version_min 10.13.0 -o cmTC_7ba4d -search_paths_first -headerpad_max_install_names -v CMakeFiles/cmTC_7ba4d.dir/CMakeCCompilerABI.c.o -lSystem /usr/local/Cellar/llvm/6.0.0/lib/clang/6.0.0/lib/darwin/libclang_rt.osx.a]
    arg [/usr/bin/ld] ==> ignore
    arg [-demangle] ==> ignore
    arg [-lto_library] ==> ignore, skip following value
    arg [/usr/local/Cellar/llvm/6.0.0/lib/libLTO.dylib] ==> skip value of -lto_library
    arg [-dynamic] ==> ignore
    arg [-arch] ==> ignore
    arg [x86_64] ==> ignore
    arg [-macosx_version_min] ==> ignore
    arg [10.13.0] ==> ignore
    arg [-o] ==> ignore
    arg [cmTC_7ba4d] ==> ignore
    arg [-search_paths_first] ==> ignore
    arg [-headerpad_max_install_names] ==> ignore
    arg [-v] ==> ignore
    arg [CMakeFiles/cmTC_7ba4d.dir/CMakeCCompilerABI.c.o] ==> ignore
    arg [-lSystem] ==> lib [System]
    arg [/usr/local/Cellar/llvm/6.0.0/lib/clang/6.0.0/lib/darwin/libclang_rt.osx.a] ==> lib [/usr/local/Cellar/llvm/6.0.0/lib/clang/6.0.0/lib/darwin/libclang_rt.osx.a]
  Library search paths: [;/usr/lib;/usr/local/lib]
  Framework search paths: [;/Library/Frameworks/;/System/Library/Frameworks/]
  remove lib [System]
  remove lib [/usr/local/Cellar/llvm/6.0.0/lib/clang/6.0.0/lib/darwin/libclang_rt.osx.a]
  collapse library dir [/usr/lib] ==> [/usr/lib]
  collapse library dir [/usr/local/lib] ==> [/usr/local/lib]
  collapse framework dir [/Library/Frameworks/] ==> [/Library/Frameworks]
  collapse framework dir [/System/Library/Frameworks/] ==> [/System/Library/Frameworks]
  implicit libs: []
  implicit dirs: [/usr/lib;/usr/local/lib]
  implicit fwks: [/Library/Frameworks;/System/Library/Frameworks]




Detecting C [-std=c11] compiler features compiled with the following output:
Change Dir: /Users/zw/code/C_and_C++_Projects/Problem_Solving/build/CMakeFiles/CMakeTmp

Run Build Command:"/usr/bin/make" "cmTC_897e6/fast"
/Applications/Xcode.app/Contents/Developer/usr/bin/make -f CMakeFiles/cmTC_897e6.dir/build.make CMakeFiles/cmTC_897e6.dir/build
Building C object CMakeFiles/cmTC_897e6.dir/feature_tests.c.o
/usr/local/opt/llvm/bin/clang   -std=c11 -o CMakeFiles/cmTC_897e6.dir/feature_tests.c.o   -c /Users/zw/code/C_and_C++_Projects/Problem_Solving/build/CMakeFiles/feature_tests.c
Linking C executable cmTC_897e6
/usr/local/Cellar/cmake/3.12.0/bin/cmake -E cmake_link_script CMakeFiles/cmTC_897e6.dir/NodePtr.txt --verbose=1
/usr/local/opt/llvm/bin/clang   -Wl,-search_paths_first -Wl,-headerpad_max_install_names   CMakeFiles/cmTC_897e6.dir/feature_tests.c.o  -o cmTC_897e6 


    Feature record: C_FEATURE:1c_function_prototypes
    Feature record: C_FEATURE:1c_restrict
    Feature record: C_FEATURE:1c_static_assert
    Feature record: C_FEATURE:1c_variadic_macros


Detecting C [-std=c99] compiler features compiled with the following output:
Change Dir: /Users/zw/code/C_and_C++_Projects/Problem_Solving/build/CMakeFiles/CMakeTmp

Run Build Command:"/usr/bin/make" "cmTC_53a71/fast"
/Applications/Xcode.app/Contents/Developer/usr/bin/make -f CMakeFiles/cmTC_53a71.dir/build.make CMakeFiles/cmTC_53a71.dir/build
Building C object CMakeFiles/cmTC_53a71.dir/feature_tests.c.o
/usr/local/opt/llvm/bin/clang   -std=c99 -o CMakeFiles/cmTC_53a71.dir/feature_tests.c.o   -c /Users/zw/code/C_and_C++_Projects/Problem_Solving/build/CMakeFiles/feature_tests.c
Linking C executable cmTC_53a71
/usr/local/Cellar/cmake/3.12.0/bin/cmake -E cmake_link_script CMakeFiles/cmTC_53a71.dir/NodePtr.txt --verbose=1
/usr/local/opt/llvm/bin/clang   -Wl,-search_paths_first -Wl,-headerpad_max_install_names   CMakeFiles/cmTC_53a71.dir/feature_tests.c.o  -o cmTC_53a71 


    Feature record: C_FEATURE:1c_function_prototypes
    Feature record: C_FEATURE:1c_restrict
    Feature record: C_FEATURE:0c_static_assert
    Feature record: C_FEATURE:1c_variadic_macros


Detecting C [-std=c90] compiler features compiled with the following output:
Change Dir: /Users/zw/code/C_and_C++_Projects/Problem_Solving/build/CMakeFiles/CMakeTmp

Run Build Command:"/usr/bin/make" "cmTC_8bc11/fast"
/Applications/Xcode.app/Contents/Developer/usr/bin/make -f CMakeFiles/cmTC_8bc11.dir/build.make CMakeFiles/cmTC_8bc11.dir/build
Building C object CMakeFiles/cmTC_8bc11.dir/feature_tests.c.o
/usr/local/opt/llvm/bin/clang   -std=c90 -o CMakeFiles/cmTC_8bc11.dir/feature_tests.c.o   -c /Users/zw/code/C_and_C++_Projects/Problem_Solving/build/CMakeFiles/feature_tests.c
Linking C executable cmTC_8bc11
/usr/local/Cellar/cmake/3.12.0/bin/cmake -E cmake_link_script CMakeFiles/cmTC_8bc11.dir/NodePtr.txt --verbose=1
/usr/local/opt/llvm/bin/clang   -Wl,-search_paths_first -Wl,-headerpad_max_install_names   CMakeFiles/cmTC_8bc11.dir/feature_tests.c.o  -o cmTC_8bc11 


    Feature record: C_FEATURE:1c_function_prototypes
    Feature record: C_FEATURE:0c_restrict
    Feature record: C_FEATURE:0c_static_assert
    Feature record: C_FEATURE:0c_variadic_macros
Determining if the CXX compiler works passed with the following output:
Change Dir: /Users/zw/code/C_and_C++_Projects/Problem_Solving/build/CMakeFiles/CMakeTmp

Run Build Command:"/usr/bin/make" "cmTC_c1342/fast"
/Applications/Xcode.app/Contents/Developer/usr/bin/make -f CMakeFiles/cmTC_c1342.dir/build.make CMakeFiles/cmTC_c1342.dir/build
Building CXX object CMakeFiles/cmTC_c1342.dir/testCXXCompiler.cxx.o
/usr/local/opt/llvm/bin/clang++    -std=gnu++11 -o CMakeFiles/cmTC_c1342.dir/testCXXCompiler.cxx.o -c /Users/zw/code/C_and_C++_Projects/Problem_Solving/build/CMakeFiles/CMakeTmp/testCXXCompiler.cxx
Linking CXX executable cmTC_c1342
/usr/local/Cellar/cmake/3.12.0/bin/cmake -E cmake_link_script CMakeFiles/cmTC_c1342.dir/NodePtr.txt --verbose=1
/usr/local/opt/llvm/bin/clang++    -Wl,-search_paths_first -Wl,-headerpad_max_install_names   CMakeFiles/cmTC_c1342.dir/testCXXCompiler.cxx.o  -o cmTC_c1342 


Detecting CXX compiler ABI info compiled with the following output:
Change Dir: /Users/zw/code/C_and_C++_Projects/Problem_Solving/build/CMakeFiles/CMakeTmp

Run Build Command:"/usr/bin/make" "cmTC_354ed/fast"
/Applications/Xcode.app/Contents/Developer/usr/bin/make -f CMakeFiles/cmTC_354ed.dir/build.make CMakeFiles/cmTC_354ed.dir/build
Building CXX object CMakeFiles/cmTC_354ed.dir/CMakeCXXCompilerABI.cpp.o
/usr/local/opt/llvm/bin/clang++    -std=gnu++11 -o CMakeFiles/cmTC_354ed.dir/CMakeCXXCompilerABI.cpp.o -c /usr/local/Cellar/cmake/3.12.0/share/cmake/Modules/CMakeCXXCompilerABI.cpp
Linking CXX executable cmTC_354ed
/usr/local/Cellar/cmake/3.12.0/bin/cmake -E cmake_link_script CMakeFiles/cmTC_354ed.dir/NodePtr.txt --verbose=1
/usr/local/opt/llvm/bin/clang++    -Wl,-search_paths_first -Wl,-headerpad_max_install_names  -v -Wl,-v CMakeFiles/cmTC_354ed.dir/CMakeCXXCompilerABI.cpp.o  -o cmTC_354ed 
clang version 6.0.0 (tags/RELEASE_600/final)
Target: x86_64-apple-darwin17.7.0
Thread model: posix
InstalledDir: /usr/local/opt/llvm/bin
Found CUDA installation: /usr/local/cuda, version 8.0
 "/usr/bin/ld" -demangle -lto_library /usr/local/Cellar/llvm/6.0.0/lib/libLTO.dylib -dynamic -arch x86_64 -macosx_version_min 10.13.0 -o cmTC_354ed -search_paths_first -headerpad_max_install_names -v CMakeFiles/cmTC_354ed.dir/CMakeCXXCompilerABI.cpp.o -lc++ -lSystem /usr/local/Cellar/llvm/6.0.0/lib/clang/6.0.0/lib/darwin/libclang_rt.osx.a
@(#)PROGRAM:ld  PROJECT:ld64-351.8
configured to support archs: armv6 armv7 armv7s arm64 i386 x86_64 x86_64h armv6m armv7k armv7m armv7em (tvOS)
Library search paths:
	/usr/lib
	/usr/local/lib
Framework search paths:
	/Library/Frameworks/
	/System/Library/Frameworks/


Parsed CXX implicit NodePtr information from above output:
  NodePtr line regex: [^( *|.*[/\])(ld|CMAKE_LINK_STARTFILE-NOTFOUND|([^/\]+-)?ld|collect2)[^/\]*( |$)]
  ignore line: [Change Dir: /Users/zw/code/C_and_C++_Projects/Problem_Solving/build/CMakeFiles/CMakeTmp]
  ignore line: []
  ignore line: [Run Build Command:"/usr/bin/make" "cmTC_354ed/fast"]
  ignore line: [/Applications/Xcode.app/Contents/Developer/usr/bin/make -f CMakeFiles/cmTC_354ed.dir/build.make CMakeFiles/cmTC_354ed.dir/build]
  ignore line: [Building CXX object CMakeFiles/cmTC_354ed.dir/CMakeCXXCompilerABI.cpp.o]
  ignore line: [/usr/local/opt/llvm/bin/clang++    -std=gnu++11 -o CMakeFiles/cmTC_354ed.dir/CMakeCXXCompilerABI.cpp.o -c /usr/local/Cellar/cmake/3.12.0/share/cmake/Modules/CMakeCXXCompilerABI.cpp]
  ignore line: [Linking CXX executable cmTC_354ed]
  ignore line: [/usr/local/Cellar/cmake/3.12.0/bin/cmake -E cmake_link_script CMakeFiles/cmTC_354ed.dir/NodePtr.txt --verbose=1]
  ignore line: [/usr/local/opt/llvm/bin/clang++    -Wl,-search_paths_first -Wl,-headerpad_max_install_names  -v -Wl,-v CMakeFiles/cmTC_354ed.dir/CMakeCXXCompilerABI.cpp.o  -o cmTC_354ed ]
  ignore line: [clang version 6.0.0 (tags/RELEASE_600/final)]
  ignore line: [Target: x86_64-apple-darwin17.7.0]
  ignore line: [Thread model: posix]
  ignore line: [InstalledDir: /usr/local/opt/llvm/bin]
  ignore line: [Found CUDA installation: /usr/local/cuda, version 8.0]
  NodePtr line: [ "/usr/bin/ld" -demangle -lto_library /usr/local/Cellar/llvm/6.0.0/lib/libLTO.dylib -dynamic -arch x86_64 -macosx_version_min 10.13.0 -o cmTC_354ed -search_paths_first -headerpad_max_install_names -v CMakeFiles/cmTC_354ed.dir/CMakeCXXCompilerABI.cpp.o -lc++ -lSystem /usr/local/Cellar/llvm/6.0.0/lib/clang/6.0.0/lib/darwin/libclang_rt.osx.a]
    arg [/usr/bin/ld] ==> ignore
    arg [-demangle] ==> ignore
    arg [-lto_library] ==> ignore, skip following value
    arg [/usr/local/Cellar/llvm/6.0.0/lib/libLTO.dylib] ==> skip value of -lto_library
    arg [-dynamic] ==> ignore
    arg [-arch] ==> ignore
    arg [x86_64] ==> ignore
    arg [-macosx_version_min] ==> ignore
    arg [10.13.0] ==> ignore
    arg [-o] ==> ignore
    arg [cmTC_354ed] ==> ignore
    arg [-search_paths_first] ==> ignore
    arg [-headerpad_max_install_names] ==> ignore
    arg [-v] ==> ignore
    arg [CMakeFiles/cmTC_354ed.dir/CMakeCXXCompilerABI.cpp.o] ==> ignore
    arg [-lc++] ==> lib [c++]
    arg [-lSystem] ==> lib [System]
    arg [/usr/local/Cellar/llvm/6.0.0/lib/clang/6.0.0/lib/darwin/libclang_rt.osx.a] ==> lib [/usr/local/Cellar/llvm/6.0.0/lib/clang/6.0.0/lib/darwin/libclang_rt.osx.a]
  Library search paths: [;/usr/lib;/usr/local/lib]
  Framework search paths: [;/Library/Frameworks/;/System/Library/Frameworks/]
  remove lib [System]
  remove lib [/usr/local/Cellar/llvm/6.0.0/lib/clang/6.0.0/lib/darwin/libclang_rt.osx.a]
  collapse library dir [/usr/lib] ==> [/usr/lib]
  collapse library dir [/usr/local/lib] ==> [/usr/local/lib]
  collapse framework dir [/Library/Frameworks/] ==> [/Library/Frameworks]
  collapse framework dir [/System/Library/Frameworks/] ==> [/System/Library/Frameworks]
  implicit libs: [c++]
  implicit dirs: [/usr/lib;/usr/local/lib]
  implicit fwks: [/Library/Frameworks;/System/Library/Frameworks]




Detecting CXX [-std=c++2a] compiler features compiled with the following output:
Change Dir: /Users/zw/code/C_and_C++_Projects/Problem_Solving/build/CMakeFiles/CMakeTmp

Run Build Command:"/usr/bin/make" "cmTC_99483/fast"
/Applications/Xcode.app/Contents/Developer/usr/bin/make -f CMakeFiles/cmTC_99483.dir/build.make CMakeFiles/cmTC_99483.dir/build
Building CXX object CMakeFiles/cmTC_99483.dir/feature_tests.cxx.o
/usr/local/opt/llvm/bin/clang++    -std=c++2a -std=gnu++11 -o CMakeFiles/cmTC_99483.dir/feature_tests.cxx.o -c /Users/zw/code/C_and_C++_Projects/Problem_Solving/build/CMakeFiles/feature_tests.cxx
Linking CXX executable cmTC_99483
/usr/local/Cellar/cmake/3.12.0/bin/cmake -E cmake_link_script CMakeFiles/cmTC_99483.dir/NodePtr.txt --verbose=1
/usr/local/opt/llvm/bin/clang++    -Wl,-search_paths_first -Wl,-headerpad_max_install_names   CMakeFiles/cmTC_99483.dir/feature_tests.cxx.o  -o cmTC_99483 


    Feature record: CXX_FEATURE:0cxx_aggregate_default_initializers
    Feature record: CXX_FEATURE:1cxx_alias_templates
    Feature record: CXX_FEATURE:1cxx_alignas
    Feature record: CXX_FEATURE:1cxx_alignof
    Feature record: CXX_FEATURE:1cxx_attributes
    Feature record: CXX_FEATURE:0cxx_attribute_deprecated
    Feature record: CXX_FEATURE:1cxx_auto_type
    Feature record: CXX_FEATURE:0cxx_binary_literals
    Feature record: CXX_FEATURE:1cxx_constexpr
    Feature record: CXX_FEATURE:0cxx_contextual_conversions
    Feature record: CXX_FEATURE:1cxx_decltype
    Feature record: CXX_FEATURE:0cxx_decltype_auto
    Feature record: CXX_FEATURE:1cxx_decltype_incomplete_return_types
    Feature record: CXX_FEATURE:1cxx_default_function_template_args
    Feature record: CXX_FEATURE:1cxx_defaulted_functions
    Feature record: CXX_FEATURE:1cxx_defaulted_move_initializers
    Feature record: CXX_FEATURE:1cxx_delegating_constructors
    Feature record: CXX_FEATURE:1cxx_deleted_functions
    Feature record: CXX_FEATURE:0cxx_digit_separators
    Feature record: CXX_FEATURE:1cxx_enum_forward_declarations
    Feature record: CXX_FEATURE:1cxx_explicit_conversions
    Feature record: CXX_FEATURE:1cxx_extended_friend_declarations
    Feature record: CXX_FEATURE:1cxx_extern_templates
    Feature record: CXX_FEATURE:1cxx_final
    Feature record: CXX_FEATURE:1cxx_func_identifier
    Feature record: CXX_FEATURE:1cxx_generalized_initializers
    Feature record: CXX_FEATURE:0cxx_generic_lambdas
    Feature record: CXX_FEATURE:1cxx_inheriting_constructors
    Feature record: CXX_FEATURE:1cxx_inline_namespaces
    Feature record: CXX_FEATURE:1cxx_lambdas
    Feature record: CXX_FEATURE:0cxx_lambda_init_captures
    Feature record: CXX_FEATURE:1cxx_local_type_template_args
    Feature record: CXX_FEATURE:1cxx_long_long_type
    Feature record: CXX_FEATURE:1cxx_noexcept
    Feature record: CXX_FEATURE:1cxx_nonstatic_member_init
    Feature record: CXX_FEATURE:1cxx_nullptr
    Feature record: CXX_FEATURE:1cxx_override
    Feature record: CXX_FEATURE:1cxx_range_for
    Feature record: CXX_FEATURE:1cxx_raw_string_literals
    Feature record: CXX_FEATURE:1cxx_reference_qualified_functions
    Feature record: CXX_FEATURE:0cxx_relaxed_constexpr
    Feature record: CXX_FEATURE:0cxx_return_type_deduction
    Feature record: CXX_FEATURE:1cxx_right_angle_brackets
    Feature record: CXX_FEATURE:1cxx_rvalue_references
    Feature record: CXX_FEATURE:1cxx_sizeof_member
    Feature record: CXX_FEATURE:1cxx_static_assert
    Feature record: CXX_FEATURE:1cxx_strong_enums
    Feature record: CXX_FEATURE:1cxx_template_template_parameters
    Feature record: CXX_FEATURE:1cxx_thread_local
    Feature record: CXX_FEATURE:1cxx_trailing_return_types
    Feature record: CXX_FEATURE:1cxx_unicode_literals
    Feature record: CXX_FEATURE:1cxx_uniform_initialization
    Feature record: CXX_FEATURE:1cxx_unrestricted_unions
    Feature record: CXX_FEATURE:1cxx_user_literals
    Feature record: CXX_FEATURE:0cxx_variable_templates
    Feature record: CXX_FEATURE:1cxx_variadic_macros
    Feature record: CXX_FEATURE:1cxx_variadic_templates


Detecting CXX [-std=c++17] compiler features compiled with the following output:
Change Dir: /Users/zw/code/C_and_C++_Projects/Problem_Solving/build/CMakeFiles/CMakeTmp

Run Build Command:"/usr/bin/make" "cmTC_e5617/fast"
/Applications/Xcode.app/Contents/Developer/usr/bin/make -f CMakeFiles/cmTC_e5617.dir/build.make CMakeFiles/cmTC_e5617.dir/build
Building CXX object CMakeFiles/cmTC_e5617.dir/feature_tests.cxx.o
/usr/local/opt/llvm/bin/clang++    -std=c++17 -std=gnu++11 -o CMakeFiles/cmTC_e5617.dir/feature_tests.cxx.o -c /Users/zw/code/C_and_C++_Projects/Problem_Solving/build/CMakeFiles/feature_tests.cxx
Linking CXX executable cmTC_e5617
/usr/local/Cellar/cmake/3.12.0/bin/cmake -E cmake_link_script CMakeFiles/cmTC_e5617.dir/NodePtr.txt --verbose=1
/usr/local/opt/llvm/bin/clang++    -Wl,-search_paths_first -Wl,-headerpad_max_install_names   CMakeFiles/cmTC_e5617.dir/feature_tests.cxx.o  -o cmTC_e5617 


    Feature record: CXX_FEATURE:0cxx_aggregate_default_initializers
    Feature record: CXX_FEATURE:1cxx_alias_templates
    Feature record: CXX_FEATURE:1cxx_alignas
    Feature record: CXX_FEATURE:1cxx_alignof
    Feature record: CXX_FEATURE:1cxx_attributes
    Feature record: CXX_FEATURE:0cxx_attribute_deprecated
    Feature record: CXX_FEATURE:1cxx_auto_type
    Feature record: CXX_FEATURE:0cxx_binary_literals
    Feature record: CXX_FEATURE:1cxx_constexpr
    Feature record: CXX_FEATURE:0cxx_contextual_conversions
    Feature record: CXX_FEATURE:1cxx_decltype
    Feature record: CXX_FEATURE:0cxx_decltype_auto
    Feature record: CXX_FEATURE:1cxx_decltype_incomplete_return_types
    Feature record: CXX_FEATURE:1cxx_default_function_template_args
    Feature record: CXX_FEATURE:1cxx_defaulted_functions
    Feature record: CXX_FEATURE:1cxx_defaulted_move_initializers
    Feature record: CXX_FEATURE:1cxx_delegating_constructors
    Feature record: CXX_FEATURE:1cxx_deleted_functions
    Feature record: CXX_FEATURE:0cxx_digit_separators
    Feature record: CXX_FEATURE:1cxx_enum_forward_declarations
    Feature record: CXX_FEATURE:1cxx_explicit_conversions
    Feature record: CXX_FEATURE:1cxx_extended_friend_declarations
    Feature record: CXX_FEATURE:1cxx_extern_templates
    Feature record: CXX_FEATURE:1cxx_final
    Feature record: CXX_FEATURE:1cxx_func_identifier
    Feature record: CXX_FEATURE:1cxx_generalized_initializers
    Feature record: CXX_FEATURE:0cxx_generic_lambdas
    Feature record: CXX_FEATURE:1cxx_inheriting_constructors
    Feature record: CXX_FEATURE:1cxx_inline_namespaces
    Feature record: CXX_FEATURE:1cxx_lambdas
    Feature record: CXX_FEATURE:0cxx_lambda_init_captures
    Feature record: CXX_FEATURE:1cxx_local_type_template_args
    Feature record: CXX_FEATURE:1cxx_long_long_type
    Feature record: CXX_FEATURE:1cxx_noexcept
    Feature record: CXX_FEATURE:1cxx_nonstatic_member_init
    Feature record: CXX_FEATURE:1cxx_nullptr
    Feature record: CXX_FEATURE:1cxx_override
    Feature record: CXX_FEATURE:1cxx_range_for
    Feature record: CXX_FEATURE:1cxx_raw_string_literals
    Feature record: CXX_FEATURE:1cxx_reference_qualified_functions
    Feature record: CXX_FEATURE:0cxx_relaxed_constexpr
    Feature record: CXX_FEATURE:0cxx_return_type_deduction
    Feature record: CXX_FEATURE:1cxx_right_angle_brackets
    Feature record: CXX_FEATURE:1cxx_rvalue_references
    Feature record: CXX_FEATURE:1cxx_sizeof_member
    Feature record: CXX_FEATURE:1cxx_static_assert
    Feature record: CXX_FEATURE:1cxx_strong_enums
    Feature record: CXX_FEATURE:1cxx_template_template_parameters
    Feature record: CXX_FEATURE:1cxx_thread_local
    Feature record: CXX_FEATURE:1cxx_trailing_return_types
    Feature record: CXX_FEATURE:1cxx_unicode_literals
    Feature record: CXX_FEATURE:1cxx_uniform_initialization
    Feature record: CXX_FEATURE:1cxx_unrestricted_unions
    Feature record: CXX_FEATURE:1cxx_user_literals
    Feature record: CXX_FEATURE:0cxx_variable_templates
    Feature record: CXX_FEATURE:1cxx_variadic_macros
    Feature record: CXX_FEATURE:1cxx_variadic_templates


Detecting CXX [-std=c++14] compiler features compiled with the following output:
Change Dir: /Users/zw/code/C_and_C++_Projects/Problem_Solving/build/CMakeFiles/CMakeTmp

Run Build Command:"/usr/bin/make" "cmTC_a3234/fast"
/Applications/Xcode.app/Contents/Developer/usr/bin/make -f CMakeFiles/cmTC_a3234.dir/build.make CMakeFiles/cmTC_a3234.dir/build
Building CXX object CMakeFiles/cmTC_a3234.dir/feature_tests.cxx.o
/usr/local/opt/llvm/bin/clang++    -std=c++14 -std=gnu++11 -o CMakeFiles/cmTC_a3234.dir/feature_tests.cxx.o -c /Users/zw/code/C_and_C++_Projects/Problem_Solving/build/CMakeFiles/feature_tests.cxx
Linking CXX executable cmTC_a3234
/usr/local/Cellar/cmake/3.12.0/bin/cmake -E cmake_link_script CMakeFiles/cmTC_a3234.dir/NodePtr.txt --verbose=1
/usr/local/opt/llvm/bin/clang++    -Wl,-search_paths_first -Wl,-headerpad_max_install_names   CMakeFiles/cmTC_a3234.dir/feature_tests.cxx.o  -o cmTC_a3234 


    Feature record: CXX_FEATURE:0cxx_aggregate_default_initializers
    Feature record: CXX_FEATURE:1cxx_alias_templates
    Feature record: CXX_FEATURE:1cxx_alignas
    Feature record: CXX_FEATURE:1cxx_alignof
    Feature record: CXX_FEATURE:1cxx_attributes
    Feature record: CXX_FEATURE:0cxx_attribute_deprecated
    Feature record: CXX_FEATURE:1cxx_auto_type
    Feature record: CXX_FEATURE:0cxx_binary_literals
    Feature record: CXX_FEATURE:1cxx_constexpr
    Feature record: CXX_FEATURE:0cxx_contextual_conversions
    Feature record: CXX_FEATURE:1cxx_decltype
    Feature record: CXX_FEATURE:0cxx_decltype_auto
    Feature record: CXX_FEATURE:1cxx_decltype_incomplete_return_types
    Feature record: CXX_FEATURE:1cxx_default_function_template_args
    Feature record: CXX_FEATURE:1cxx_defaulted_functions
    Feature record: CXX_FEATURE:1cxx_defaulted_move_initializers
    Feature record: CXX_FEATURE:1cxx_delegating_constructors
    Feature record: CXX_FEATURE:1cxx_deleted_functions
    Feature record: CXX_FEATURE:0cxx_digit_separators
    Feature record: CXX_FEATURE:1cxx_enum_forward_declarations
    Feature record: CXX_FEATURE:1cxx_explicit_conversions
    Feature record: CXX_FEATURE:1cxx_extended_friend_declarations
    Feature record: CXX_FEATURE:1cxx_extern_templates
    Feature record: CXX_FEATURE:1cxx_final
    Feature record: CXX_FEATURE:1cxx_func_identifier
    Feature record: CXX_FEATURE:1cxx_generalized_initializers
    Feature record: CXX_FEATURE:0cxx_generic_lambdas
    Feature record: CXX_FEATURE:1cxx_inheriting_constructors
    Feature record: CXX_FEATURE:1cxx_inline_namespaces
    Feature record: CXX_FEATURE:1cxx_lambdas
    Feature record: CXX_FEATURE:0cxx_lambda_init_captures
    Feature record: CXX_FEATURE:1cxx_local_type_template_args
    Feature record: CXX_FEATURE:1cxx_long_long_type
    Feature record: CXX_FEATURE:1cxx_noexcept
    Feature record: CXX_FEATURE:1cxx_nonstatic_member_init
    Feature record: CXX_FEATURE:1cxx_nullptr
    Feature record: CXX_FEATURE:1cxx_override
    Feature record: CXX_FEATURE:1cxx_range_for
    Feature record: CXX_FEATURE:1cxx_raw_string_literals
    Feature record: CXX_FEATURE:1cxx_reference_qualified_functions
    Feature record: CXX_FEATURE:0cxx_relaxed_constexpr
    Feature record: CXX_FEATURE:0cxx_return_type_deduction
    Feature record: CXX_FEATURE:1cxx_right_angle_brackets
    Feature record: CXX_FEATURE:1cxx_rvalue_references
    Feature record: CXX_FEATURE:1cxx_sizeof_member
    Feature record: CXX_FEATURE:1cxx_static_assert
    Feature record: CXX_FEATURE:1cxx_strong_enums
    Feature record: CXX_FEATURE:1cxx_template_template_parameters
    Feature record: CXX_FEATURE:1cxx_thread_local
    Feature record: CXX_FEATURE:1cxx_trailing_return_types
    Feature record: CXX_FEATURE:1cxx_unicode_literals
    Feature record: CXX_FEATURE:1cxx_uniform_initialization
    Feature record: CXX_FEATURE:1cxx_unrestricted_unions
    Feature record: CXX_FEATURE:1cxx_user_literals
    Feature record: CXX_FEATURE:0cxx_variable_templates
    Feature record: CXX_FEATURE:1cxx_variadic_macros
    Feature record: CXX_FEATURE:1cxx_variadic_templates


Detecting CXX [-std=c++11] compiler features compiled with the following output:
Change Dir: /Users/zw/code/C_and_C++_Projects/Problem_Solving/build/CMakeFiles/CMakeTmp

Run Build Command:"/usr/bin/make" "cmTC_cc2d4/fast"
/Applications/Xcode.app/Contents/Developer/usr/bin/make -f CMakeFiles/cmTC_cc2d4.dir/build.make CMakeFiles/cmTC_cc2d4.dir/build
Building CXX object CMakeFiles/cmTC_cc2d4.dir/feature_tests.cxx.o
/usr/local/opt/llvm/bin/clang++    -std=c++11 -std=gnu++11 -o CMakeFiles/cmTC_cc2d4.dir/feature_tests.cxx.o -c /Users/zw/code/C_and_C++_Projects/Problem_Solving/build/CMakeFiles/feature_tests.cxx
Linking CXX executable cmTC_cc2d4
/usr/local/Cellar/cmake/3.12.0/bin/cmake -E cmake_link_script CMakeFiles/cmTC_cc2d4.dir/NodePtr.txt --verbose=1
/usr/local/opt/llvm/bin/clang++    -Wl,-search_paths_first -Wl,-headerpad_max_install_names   CMakeFiles/cmTC_cc2d4.dir/feature_tests.cxx.o  -o cmTC_cc2d4 


    Feature record: CXX_FEATURE:0cxx_aggregate_default_initializers
    Feature record: CXX_FEATURE:1cxx_alias_templates
    Feature record: CXX_FEATURE:1cxx_alignas
    Feature record: CXX_FEATURE:1cxx_alignof
    Feature record: CXX_FEATURE:1cxx_attributes
    Feature record: CXX_FEATURE:0cxx_attribute_deprecated
    Feature record: CXX_FEATURE:1cxx_auto_type
    Feature record: CXX_FEATURE:0cxx_binary_literals
    Feature record: CXX_FEATURE:1cxx_constexpr
    Feature record: CXX_FEATURE:0cxx_contextual_conversions
    Feature record: CXX_FEATURE:1cxx_decltype
    Feature record: CXX_FEATURE:0cxx_decltype_auto
    Feature record: CXX_FEATURE:1cxx_decltype_incomplete_return_types
    Feature record: CXX_FEATURE:1cxx_default_function_template_args
    Feature record: CXX_FEATURE:1cxx_defaulted_functions
    Feature record: CXX_FEATURE:1cxx_defaulted_move_initializers
    Feature record: CXX_FEATURE:1cxx_delegating_constructors
    Feature record: CXX_FEATURE:1cxx_deleted_functions
    Feature record: CXX_FEATURE:0cxx_digit_separators
    Feature record: CXX_FEATURE:1cxx_enum_forward_declarations
    Feature record: CXX_FEATURE:1cxx_explicit_conversions
    Feature record: CXX_FEATURE:1cxx_extended_friend_declarations
    Feature record: CXX_FEATURE:1cxx_extern_templates
    Feature record: CXX_FEATURE:1cxx_final
    Feature record: CXX_FEATURE:1cxx_func_identifier
    Feature record: CXX_FEATURE:1cxx_generalized_initializers
    Feature record: CXX_FEATURE:0cxx_generic_lambdas
    Feature record: CXX_FEATURE:1cxx_inheriting_constructors
    Feature record: CXX_FEATURE:1cxx_inline_namespaces
    Feature record: CXX_FEATURE:1cxx_lambdas
    Feature record: CXX_FEATURE:0cxx_lambda_init_captures
    Feature record: CXX_FEATURE:1cxx_local_type_template_args
    Feature record: CXX_FEATURE:1cxx_long_long_type
    Feature record: CXX_FEATURE:1cxx_noexcept
    Feature record: CXX_FEATURE:1cxx_nonstatic_member_init
    Feature record: CXX_FEATURE:1cxx_nullptr
    Feature record: CXX_FEATURE:1cxx_override
    Feature record: CXX_FEATURE:1cxx_range_for
    Feature record: CXX_FEATURE:1cxx_raw_string_literals
    Feature record: CXX_FEATURE:1cxx_reference_qualified_functions
    Feature record: CXX_FEATURE:0cxx_relaxed_constexpr
    Feature record: CXX_FEATURE:0cxx_return_type_deduction
    Feature record: CXX_FEATURE:1cxx_right_angle_brackets
    Feature record: CXX_FEATURE:1cxx_rvalue_references
    Feature record: CXX_FEATURE:1cxx_sizeof_member
    Feature record: CXX_FEATURE:1cxx_static_assert
    Feature record: CXX_FEATURE:1cxx_strong_enums
    Feature record: CXX_FEATURE:1cxx_template_template_parameters
    Feature record: CXX_FEATURE:1cxx_thread_local
    Feature record: CXX_FEATURE:1cxx_trailing_return_types
    Feature record: CXX_FEATURE:1cxx_unicode_literals
    Feature record: CXX_FEATURE:1cxx_uniform_initialization
    Feature record: CXX_FEATURE:1cxx_unrestricted_unions
    Feature record: CXX_FEATURE:1cxx_user_literals
    Feature record: CXX_FEATURE:0cxx_variable_templates
    Feature record: CXX_FEATURE:1cxx_variadic_macros
    Feature record: CXX_FEATURE:1cxx_variadic_templates


Detecting CXX [-std=c++98] compiler features compiled with the following output:
Change Dir: /Users/zw/code/C_and_C++_Projects/Problem_Solving/build/CMakeFiles/CMakeTmp

Run Build Command:"/usr/bin/make" "cmTC_c098d/fast"
/Applications/Xcode.app/Contents/Developer/usr/bin/make -f CMakeFiles/cmTC_c098d.dir/build.make CMakeFiles/cmTC_c098d.dir/build
Building CXX object CMakeFiles/cmTC_c098d.dir/feature_tests.cxx.o
/usr/local/opt/llvm/bin/clang++    -std=c++98 -std=gnu++11 -o CMakeFiles/cmTC_c098d.dir/feature_tests.cxx.o -c /Users/zw/code/C_and_C++_Projects/Problem_Solving/build/CMakeFiles/feature_tests.cxx
Linking CXX executable cmTC_c098d
/usr/local/Cellar/cmake/3.12.0/bin/cmake -E cmake_link_script CMakeFiles/cmTC_c098d.dir/NodePtr.txt --verbose=1
/usr/local/opt/llvm/bin/clang++    -Wl,-search_paths_first -Wl,-headerpad_max_install_names   CMakeFiles/cmTC_c098d.dir/feature_tests.cxx.o  -o cmTC_c098d 


    Feature record: CXX_FEATURE:0cxx_aggregate_default_initializers
    Feature record: CXX_FEATURE:1cxx_alias_templates
    Feature record: CXX_FEATURE:1cxx_alignas
    Feature record: CXX_FEATURE:1cxx_alignof
    Feature record: CXX_FEATURE:1cxx_attributes
    Feature record: CXX_FEATURE:0cxx_attribute_deprecated
    Feature record: CXX_FEATURE:1cxx_auto_type
    Feature record: CXX_FEATURE:0cxx_binary_literals
    Feature record: CXX_FEATURE:1cxx_constexpr
    Feature record: CXX_FEATURE:0cxx_contextual_conversions
    Feature record: CXX_FEATURE:1cxx_decltype
    Feature record: CXX_FEATURE:0cxx_decltype_auto
    Feature record: CXX_FEATURE:1cxx_decltype_incomplete_return_types
    Feature record: CXX_FEATURE:1cxx_default_function_template_args
    Feature record: CXX_FEATURE:1cxx_defaulted_functions
    Feature record: CXX_FEATURE:1cxx_defaulted_move_initializers
    Feature record: CXX_FEATURE:1cxx_delegating_constructors
    Feature record: CXX_FEATURE:1cxx_deleted_functions
    Feature record: CXX_FEATURE:0cxx_digit_separators
    Feature record: CXX_FEATURE:1cxx_enum_forward_declarations
    Feature record: CXX_FEATURE:1cxx_explicit_conversions
    Feature record: CXX_FEATURE:1cxx_extended_friend_declarations
    Feature record: CXX_FEATURE:1cxx_extern_templates
    Feature record: CXX_FEATURE:1cxx_final
    Feature record: CXX_FEATURE:1cxx_func_identifier
    Feature record: CXX_FEATURE:1cxx_generalized_initializers
    Feature record: CXX_FEATURE:0cxx_generic_lambdas
    Feature record: CXX_FEATURE:1cxx_inheriting_constructors
    Feature record: CXX_FEATURE:1cxx_inline_namespaces
    Feature record: CXX_FEATURE:1cxx_lambdas
    Feature record: CXX_FEATURE:0cxx_lambda_init_captures
    Feature record: CXX_FEATURE:1cxx_local_type_template_args
    Feature record: CXX_FEATURE:1cxx_long_long_type
    Feature record: CXX_FEATURE:1cxx_noexcept
    Feature record: CXX_FEATURE:1cxx_nonstatic_member_init
    Feature record: CXX_FEATURE:1cxx_nullptr
    Feature record: CXX_FEATURE:1cxx_override
    Feature record: CXX_FEATURE:1cxx_range_for
    Feature record: CXX_FEATURE:1cxx_raw_string_literals
    Feature record: CXX_FEATURE:1cxx_reference_qualified_functions
    Feature record: CXX_FEATURE:0cxx_relaxed_constexpr
    Feature record: CXX_FEATURE:0cxx_return_type_deduction
    Feature record: CXX_FEATURE:1cxx_right_angle_brackets
    Feature record: CXX_FEATURE:1cxx_rvalue_references
    Feature record: CXX_FEATURE:1cxx_sizeof_member
    Feature record: CXX_FEATURE:1cxx_static_assert
    Feature record: CXX_FEATURE:1cxx_strong_enums
    Feature record: CXX_FEATURE:1cxx_template_template_parameters
    Feature record: CXX_FEATURE:1cxx_thread_local
    Feature record: CXX_FEATURE:1cxx_trailing_return_types
    Feature record: CXX_FEATURE:1cxx_unicode_literals
    Feature record: CXX_FEATURE:1cxx_uniform_initialization
    Feature record: CXX_FEATURE:1cxx_unrestricted_unions
    Feature record: CXX_FEATURE:1cxx_user_literals
    Feature record: CXX_FEATURE:0cxx_variable_templates
    Feature record: CXX_FEATURE:1cxx_variadic_macros
    Feature record: CXX_FEATURE:1cxx_variadic_templates
